{"C:\\Users\\muhfa\\Documents\\Kuliah Hacktiv8 FSJS Batch 6 2024\\bootcamp\\phase2\\W3D1\\ip-MuhammadFarhanRosidi\\server\\app.js": {"path":"C:\\Users\\muhfa\\Documents\\Kuliah Hacktiv8 FSJS Batch 6 2024\\bootcamp\\phase2\\W3D1\\ip-MuhammadFarhanRosidi\\server\\app.js","statementMap":{"0":{"start":{"line":1,"column":0},"end":{"line":3,"column":1}},"1":{"start":{"line":2,"column":2},"end":{"line":2,"column":29}},"2":{"start":{"line":5,"column":16},"end":{"line":5,"column":34}},"3":{"start":{"line":6,"column":15},"end":{"line":6,"column":40}},"4":{"start":{"line":7,"column":11},"end":{"line":7,"column":26}},"5":{"start":{"line":8,"column":12},"end":{"line":8,"column":21}},"6":{"start":{"line":10,"column":0},"end":{"line":10,"column":48}},"7":{"start":{"line":11,"column":0},"end":{"line":11,"column":24}},"8":{"start":{"line":12,"column":0},"end":{"line":12,"column":16}},"9":{"start":{"line":14,"column":0},"end":{"line":14,"column":21}},"10":{"start":{"line":16,"column":0},"end":{"line":16,"column":21}}},"fnMap":{},"branchMap":{"0":{"loc":{"start":{"line":1,"column":0},"end":{"line":3,"column":1}},"type":"if","locations":[{"start":{"line":1,"column":0},"end":{"line":3,"column":1}},{"start":{},"end":{}}],"line":1}},"s":{"0":3,"1":3,"2":3,"3":3,"4":3,"5":3,"6":3,"7":3,"8":3,"9":3,"10":3},"f":{},"b":{"0":[3,0]},"_coverageSchema":"1a1c01bbd47fc00a2c39e90264f33305004495a9","hash":"5fb1da357cd871e1efd6a8602301d87f2f17835a"}
,"C:\\Users\\muhfa\\Documents\\Kuliah Hacktiv8 FSJS Batch 6 2024\\bootcamp\\phase2\\W3D1\\ip-MuhammadFarhanRosidi\\server\\config\\axiosInstance.js": {"path":"C:\\Users\\muhfa\\Documents\\Kuliah Hacktiv8 FSJS Batch 6 2024\\bootcamp\\phase2\\W3D1\\ip-MuhammadFarhanRosidi\\server\\config\\axiosInstance.js","statementMap":{"0":{"start":{"line":1,"column":14},"end":{"line":1,"column":30}},"1":{"start":{"line":3,"column":17},"end":{"line":7,"column":2}},"2":{"start":{"line":9,"column":0},"end":{"line":9,"column":26}}},"fnMap":{},"branchMap":{},"s":{"0":3,"1":3,"2":3},"f":{},"b":{},"_coverageSchema":"1a1c01bbd47fc00a2c39e90264f33305004495a9","hash":"2236ec5cb04fa0274e209d0848e36297c8e56965"}
,"C:\\Users\\muhfa\\Documents\\Kuliah Hacktiv8 FSJS Batch 6 2024\\bootcamp\\phase2\\W3D1\\ip-MuhammadFarhanRosidi\\server\\controllers\\controller.js": {"path":"C:\\Users\\muhfa\\Documents\\Kuliah Hacktiv8 FSJS Batch 6 2024\\bootcamp\\phase2\\W3D1\\ip-MuhammadFarhanRosidi\\server\\controllers\\controller.js","statementMap":{"0":{"start":{"line":1,"column":17},"end":{"line":1,"column":51}},"1":{"start":{"line":2,"column":28},"end":{"line":2,"column":58}},"2":{"start":{"line":3,"column":22},"end":{"line":3,"column":47}},"3":{"start":{"line":4,"column":46},"end":{"line":4,"column":67}},"4":{"start":{"line":5,"column":25},"end":{"line":5,"column":55}},"5":{"start":{"line":7,"column":19},"end":{"line":7,"column":40}},"6":{"start":{"line":10,"column":22},"end":{"line":16,"column":4}},"7":{"start":{"line":18,"column":2},"end":{"line":23,"column":5}},"8":{"start":{"line":28,"column":4},"end":{"line":42,"column":5}},"9":{"start":{"line":29,"column":42},"end":{"line":29,"column":50}},"10":{"start":{"line":30,"column":17},"end":{"line":34,"column":8}},"11":{"start":{"line":35,"column":6},"end":{"line":39,"column":9}},"12":{"start":{"line":41,"column":6},"end":{"line":41,"column":18}},"13":{"start":{"line":46,"column":4},"end":{"line":67,"column":5}},"14":{"start":{"line":47,"column":34},"end":{"line":47,"column":42}},"15":{"start":{"line":48,"column":6},"end":{"line":50,"column":7}},"16":{"start":{"line":49,"column":8},"end":{"line":49,"column":46}},"17":{"start":{"line":51,"column":24},"end":{"line":55,"column":8}},"18":{"start":{"line":56,"column":6},"end":{"line":58,"column":7}},"19":{"start":{"line":57,"column":8},"end":{"line":57,"column":39}},"20":{"start":{"line":59,"column":26},"end":{"line":59,"column":71}},"21":{"start":{"line":60,"column":6},"end":{"line":62,"column":7}},"22":{"start":{"line":61,"column":8},"end":{"line":61,"column":39}},"23":{"start":{"line":63,"column":27},"end":{"line":63,"column":58}},"24":{"start":{"line":64,"column":6},"end":{"line":64,"column":45}},"25":{"start":{"line":66,"column":6},"end":{"line":66,"column":18}},"26":{"start":{"line":71,"column":4},"end":{"line":98,"column":5}},"27":{"start":{"line":72,"column":6},"end":{"line":74,"column":7}},"28":{"start":{"line":73,"column":8},"end":{"line":73,"column":45}},"29":{"start":{"line":75,"column":21},"end":{"line":75,"column":39}},"30":{"start":{"line":76,"column":21},"end":{"line":80,"column":8}},"31":{"start":{"line":82,"column":24},"end":{"line":82,"column":43}},"32":{"start":{"line":83,"column":21},"end":{"line":91,"column":8}},"33":{"start":{"line":92,"column":6},"end":{"line":92,"column":29}},"34":{"start":{"line":93,"column":27},"end":{"line":93,"column":53}},"35":{"start":{"line":94,"column":6},"end":{"line":94,"column":45}},"36":{"start":{"line":96,"column":6},"end":{"line":96,"column":35}},"37":{"start":{"line":97,"column":6},"end":{"line":97,"column":18}},"38":{"start":{"line":102,"column":4},"end":{"line":122,"column":5}},"39":{"start":{"line":103,"column":23},"end":{"line":106,"column":8}},"40":{"start":{"line":108,"column":23},"end":{"line":115,"column":9}},"41":{"start":{"line":108,"column":49},"end":{"line":115,"column":7}},"42":{"start":{"line":117,"column":6},"end":{"line":119,"column":9}},"43":{"start":{"line":121,"column":6},"end":{"line":121,"column":18}},"44":{"start":{"line":126,"column":4},"end":{"line":143,"column":5}},"45":{"start":{"line":127,"column":21},"end":{"line":127,"column":32}},"46":{"start":{"line":128,"column":19},"end":{"line":135,"column":8}},"47":{"start":{"line":136,"column":6},"end":{"line":140,"column":9}},"48":{"start":{"line":142,"column":6},"end":{"line":142,"column":18}},"49":{"start":{"line":146,"column":4},"end":{"line":155,"column":5}},"50":{"start":{"line":147,"column":21},"end":{"line":147,"column":31}},"51":{"start":{"line":148,"column":23},"end":{"line":151,"column":8}},"52":{"start":{"line":152,"column":6},"end":{"line":152,"column":33}},"53":{"start":{"line":154,"column":6},"end":{"line":154,"column":18}},"54":{"start":{"line":158,"column":4},"end":{"line":200,"column":5}},"55":{"start":{"line":159,"column":27},"end":{"line":159,"column":37}},"56":{"start":{"line":160,"column":21},"end":{"line":160,"column":32}},"57":{"start":{"line":162,"column":33},"end":{"line":165,"column":8}},"58":{"start":{"line":167,"column":25},"end":{"line":167,"column":53}},"59":{"start":{"line":169,"column":40},"end":{"line":180,"column":8}},"60":{"start":{"line":182,"column":32},"end":{"line":189,"column":8}},"61":{"start":{"line":191,"column":6},"end":{"line":195,"column":9}},"62":{"start":{"line":197,"column":6},"end":{"line":197,"column":77}},"63":{"start":{"line":199,"column":6},"end":{"line":199,"column":18}},"64":{"start":{"line":204,"column":4},"end":{"line":213,"column":5}},"65":{"start":{"line":205,"column":21},"end":{"line":205,"column":31}},"66":{"start":{"line":206,"column":21},"end":{"line":206,"column":46}},"67":{"start":{"line":207,"column":6},"end":{"line":209,"column":7}},"68":{"start":{"line":208,"column":8},"end":{"line":208,"column":64}},"69":{"start":{"line":210,"column":6},"end":{"line":210,"column":35}},"70":{"start":{"line":212,"column":6},"end":{"line":212,"column":18}},"71":{"start":{"line":216,"column":4},"end":{"line":233,"column":5}},"72":{"start":{"line":217,"column":21},"end":{"line":217,"column":31}},"73":{"start":{"line":218,"column":30},"end":{"line":218,"column":38}},"74":{"start":{"line":219,"column":24},"end":{"line":224,"column":7}},"75":{"start":{"line":225,"column":6},"end":{"line":230,"column":7}},"76":{"start":{"line":226,"column":30},"end":{"line":226,"column":69}},"77":{"start":{"line":227,"column":8},"end":{"line":227,"column":57}},"78":{"start":{"line":229,"column":8},"end":{"line":229,"column":62}},"79":{"start":{"line":232,"column":6},"end":{"line":232,"column":18}},"80":{"start":{"line":237,"column":4},"end":{"line":249,"column":5}},"81":{"start":{"line":238,"column":21},"end":{"line":238,"column":31}},"82":{"start":{"line":239,"column":22},"end":{"line":241,"column":8}},"83":{"start":{"line":242,"column":6},"end":{"line":246,"column":7}},"84":{"start":{"line":243,"column":8},"end":{"line":243,"column":73}},"85":{"start":{"line":245,"column":8},"end":{"line":245,"column":62}},"86":{"start":{"line":248,"column":6},"end":{"line":248,"column":18}},"87":{"start":{"line":253,"column":0},"end":{"line":253,"column":28}}},"fnMap":{"0":{"name":"sendEmail","decl":{"start":{"line":9,"column":15},"end":{"line":9,"column":24}},"loc":{"start":{"line":9,"column":32},"end":{"line":24,"column":1}},"line":9},"1":{"name":"(anonymous_1)","decl":{"start":{"line":27,"column":2},"end":{"line":27,"column":3}},"loc":{"start":{"line":27,"column":40},"end":{"line":43,"column":3}},"line":27},"2":{"name":"(anonymous_2)","decl":{"start":{"line":45,"column":2},"end":{"line":45,"column":3}},"loc":{"start":{"line":45,"column":37},"end":{"line":68,"column":3}},"line":45},"3":{"name":"(anonymous_3)","decl":{"start":{"line":70,"column":2},"end":{"line":70,"column":3}},"loc":{"start":{"line":70,"column":43},"end":{"line":99,"column":3}},"line":70},"4":{"name":"(anonymous_4)","decl":{"start":{"line":101,"column":2},"end":{"line":101,"column":3}},"loc":{"start":{"line":101,"column":43},"end":{"line":123,"column":3}},"line":101},"5":{"name":"(anonymous_5)","decl":{"start":{"line":108,"column":37},"end":{"line":108,"column":38}},"loc":{"start":{"line":108,"column":49},"end":{"line":115,"column":7}},"line":108},"6":{"name":"(anonymous_6)","decl":{"start":{"line":125,"column":2},"end":{"line":125,"column":3}},"loc":{"start":{"line":125,"column":45},"end":{"line":144,"column":3}},"line":125},"7":{"name":"(anonymous_7)","decl":{"start":{"line":145,"column":2},"end":{"line":145,"column":3}},"loc":{"start":{"line":145,"column":48},"end":{"line":156,"column":3}},"line":145},"8":{"name":"(anonymous_8)","decl":{"start":{"line":157,"column":2},"end":{"line":157,"column":3}},"loc":{"start":{"line":157,"column":48},"end":{"line":201,"column":3}},"line":157},"9":{"name":"(anonymous_9)","decl":{"start":{"line":203,"column":2},"end":{"line":203,"column":3}},"loc":{"start":{"line":203,"column":46},"end":{"line":214,"column":3}},"line":203},"10":{"name":"(anonymous_10)","decl":{"start":{"line":215,"column":2},"end":{"line":215,"column":3}},"loc":{"start":{"line":215,"column":48},"end":{"line":234,"column":3}},"line":215},"11":{"name":"(anonymous_11)","decl":{"start":{"line":236,"column":2},"end":{"line":236,"column":3}},"loc":{"start":{"line":236,"column":50},"end":{"line":250,"column":3}},"line":236}},"branchMap":{"0":{"loc":{"start":{"line":48,"column":6},"end":{"line":50,"column":7}},"type":"if","locations":[{"start":{"line":48,"column":6},"end":{"line":50,"column":7}},{"start":{},"end":{}}],"line":48},"1":{"loc":{"start":{"line":48,"column":10},"end":{"line":48,"column":29}},"type":"binary-expr","locations":[{"start":{"line":48,"column":10},"end":{"line":48,"column":16}},{"start":{"line":48,"column":20},"end":{"line":48,"column":29}}],"line":48},"2":{"loc":{"start":{"line":56,"column":6},"end":{"line":58,"column":7}},"type":"if","locations":[{"start":{"line":56,"column":6},"end":{"line":58,"column":7}},{"start":{},"end":{}}],"line":56},"3":{"loc":{"start":{"line":60,"column":6},"end":{"line":62,"column":7}},"type":"if","locations":[{"start":{"line":60,"column":6},"end":{"line":62,"column":7}},{"start":{},"end":{}}],"line":60},"4":{"loc":{"start":{"line":72,"column":6},"end":{"line":74,"column":7}},"type":"if","locations":[{"start":{"line":72,"column":6},"end":{"line":74,"column":7}},{"start":{},"end":{}}],"line":72},"5":{"loc":{"start":{"line":207,"column":6},"end":{"line":209,"column":7}},"type":"if","locations":[{"start":{"line":207,"column":6},"end":{"line":209,"column":7}},{"start":{},"end":{}}],"line":207},"6":{"loc":{"start":{"line":225,"column":6},"end":{"line":230,"column":7}},"type":"if","locations":[{"start":{"line":225,"column":6},"end":{"line":230,"column":7}},{"start":{"line":228,"column":13},"end":{"line":230,"column":7}}],"line":225},"7":{"loc":{"start":{"line":242,"column":6},"end":{"line":246,"column":7}},"type":"if","locations":[{"start":{"line":242,"column":6},"end":{"line":246,"column":7}},{"start":{"line":244,"column":13},"end":{"line":246,"column":7}}],"line":242}},"s":{"0":3,"1":3,"2":3,"3":3,"4":3,"5":3,"6":0,"7":0,"8":4,"9":4,"10":4,"11":1,"12":3,"13":5,"14":5,"15":5,"16":2,"17":3,"18":3,"19":1,"20":2,"21":2,"22":1,"23":1,"24":1,"25":4,"26":0,"27":0,"28":0,"29":0,"30":0,"31":0,"32":0,"33":0,"34":0,"35":0,"36":0,"37":0,"38":0,"39":0,"40":0,"41":0,"42":0,"43":0,"44":0,"45":0,"46":0,"47":0,"48":0,"49":0,"50":0,"51":0,"52":0,"53":0,"54":0,"55":0,"56":0,"57":0,"58":0,"59":0,"60":0,"61":0,"62":0,"63":0,"64":0,"65":0,"66":0,"67":0,"68":0,"69":0,"70":0,"71":0,"72":0,"73":0,"74":0,"75":0,"76":0,"77":0,"78":0,"79":0,"80":2,"81":2,"82":2,"83":2,"84":1,"85":1,"86":0,"87":3},"f":{"0":0,"1":4,"2":5,"3":0,"4":0,"5":0,"6":0,"7":0,"8":0,"9":0,"10":0,"11":2},"b":{"0":[2,3],"1":[5,4],"2":[1,2],"3":[1,1],"4":[0,0],"5":[0,0],"6":[0,0],"7":[1,1]},"_coverageSchema":"1a1c01bbd47fc00a2c39e90264f33305004495a9","hash":"08dacd74ac4e7fb83c29eae5568153ffb3800525"}
,"C:\\Users\\muhfa\\Documents\\Kuliah Hacktiv8 FSJS Batch 6 2024\\bootcamp\\phase2\\W3D1\\ip-MuhammadFarhanRosidi\\server\\helpers\\bcryptjs.js": {"path":"C:\\Users\\muhfa\\Documents\\Kuliah Hacktiv8 FSJS Batch 6 2024\\bootcamp\\phase2\\W3D1\\ip-MuhammadFarhanRosidi\\server\\helpers\\bcryptjs.js","statementMap":{"0":{"start":{"line":1,"column":15},"end":{"line":1,"column":34}},"1":{"start":{"line":4,"column":13},"end":{"line":4,"column":35}},"2":{"start":{"line":5,"column":13},"end":{"line":5,"column":44}},"3":{"start":{"line":6,"column":2},"end":{"line":6,"column":14}},"4":{"start":{"line":10,"column":2},"end":{"line":10,"column":52}},"5":{"start":{"line":13,"column":0},"end":{"line":16,"column":2}}},"fnMap":{"0":{"name":"hashPassword","decl":{"start":{"line":3,"column":9},"end":{"line":3,"column":21}},"loc":{"start":{"line":3,"column":32},"end":{"line":7,"column":1}},"line":3},"1":{"name":"comparePassword","decl":{"start":{"line":9,"column":9},"end":{"line":9,"column":24}},"loc":{"start":{"line":9,"column":49},"end":{"line":11,"column":1}},"line":9}},"branchMap":{},"s":{"0":3,"1":5,"2":5,"3":5,"4":2,"5":3},"f":{"0":5,"1":2},"b":{},"_coverageSchema":"1a1c01bbd47fc00a2c39e90264f33305004495a9","hash":"950036a7e6ddd61df2c3141b2f03a216b161c5d1"}
,"C:\\Users\\muhfa\\Documents\\Kuliah Hacktiv8 FSJS Batch 6 2024\\bootcamp\\phase2\\W3D1\\ip-MuhammadFarhanRosidi\\server\\helpers\\gemini.js": {"path":"C:\\Users\\muhfa\\Documents\\Kuliah Hacktiv8 FSJS Batch 6 2024\\bootcamp\\phase2\\W3D1\\ip-MuhammadFarhanRosidi\\server\\helpers\\gemini.js","statementMap":{"0":{"start":{"line":1,"column":31},"end":{"line":1,"column":63}},"1":{"start":{"line":2,"column":0},"end":{"line":2,"column":27}},"2":{"start":{"line":4,"column":15},"end":{"line":14,"column":1}},"3":{"start":{"line":6,"column":16},"end":{"line":6,"column":69}},"4":{"start":{"line":7,"column":16},"end":{"line":7,"column":71}},"5":{"start":{"line":8,"column":17},"end":{"line":8,"column":138}},"6":{"start":{"line":9,"column":17},"end":{"line":9,"column":52}},"7":{"start":{"line":10,"column":19},"end":{"line":10,"column":40}},"8":{"start":{"line":11,"column":13},"end":{"line":11,"column":28}},"9":{"start":{"line":13,"column":2},"end":{"line":13,"column":14}},"10":{"start":{"line":16,"column":0},"end":{"line":16,"column":24}}},"fnMap":{"0":{"name":"(anonymous_0)","decl":{"start":{"line":4,"column":15},"end":{"line":4,"column":16}},"loc":{"start":{"line":4,"column":32},"end":{"line":14,"column":1}},"line":4}},"branchMap":{},"s":{"0":3,"1":3,"2":3,"3":0,"4":0,"5":0,"6":0,"7":0,"8":0,"9":0,"10":3},"f":{"0":0},"b":{},"_coverageSchema":"1a1c01bbd47fc00a2c39e90264f33305004495a9","hash":"79f46d8fee92ab909042bf1ddce96d61b2176eb2"}
,"C:\\Users\\muhfa\\Documents\\Kuliah Hacktiv8 FSJS Batch 6 2024\\bootcamp\\phase2\\W3D1\\ip-MuhammadFarhanRosidi\\server\\helpers\\jwt.js": {"path":"C:\\Users\\muhfa\\Documents\\Kuliah Hacktiv8 FSJS Batch 6 2024\\bootcamp\\phase2\\W3D1\\ip-MuhammadFarhanRosidi\\server\\helpers\\jwt.js","statementMap":{"0":{"start":{"line":1,"column":12},"end":{"line":1,"column":35}},"1":{"start":{"line":3,"column":19},"end":{"line":3,"column":41}},"2":{"start":{"line":6,"column":2},"end":{"line":6,"column":39}},"3":{"start":{"line":10,"column":2},"end":{"line":10,"column":39}},"4":{"start":{"line":13,"column":0},"end":{"line":16,"column":2}}},"fnMap":{"0":{"name":"signToken","decl":{"start":{"line":5,"column":9},"end":{"line":5,"column":18}},"loc":{"start":{"line":5,"column":28},"end":{"line":7,"column":1}},"line":5},"1":{"name":"verifyToken","decl":{"start":{"line":9,"column":9},"end":{"line":9,"column":20}},"loc":{"start":{"line":9,"column":28},"end":{"line":11,"column":1}},"line":9}},"branchMap":{},"s":{"0":3,"1":3,"2":3,"3":2,"4":3},"f":{"0":3,"1":2},"b":{},"_coverageSchema":"1a1c01bbd47fc00a2c39e90264f33305004495a9","hash":"b3f750dcc9080df5ebf44df5efbf11dc72b900a1"}
,"C:\\Users\\muhfa\\Documents\\Kuliah Hacktiv8 FSJS Batch 6 2024\\bootcamp\\phase2\\W3D1\\ip-MuhammadFarhanRosidi\\server\\middlewares\\authentication.js": {"path":"C:\\Users\\muhfa\\Documents\\Kuliah Hacktiv8 FSJS Batch 6 2024\\bootcamp\\phase2\\W3D1\\ip-MuhammadFarhanRosidi\\server\\middlewares\\authentication.js","statementMap":{"0":{"start":{"line":1,"column":17},"end":{"line":1,"column":38}},"1":{"start":{"line":2,"column":24},"end":{"line":2,"column":49}},"2":{"start":{"line":5,"column":2},"end":{"line":24,"column":3}},"3":{"start":{"line":6,"column":25},"end":{"line":6,"column":50}},"4":{"start":{"line":7,"column":4},"end":{"line":9,"column":5}},"5":{"start":{"line":8,"column":6},"end":{"line":8,"column":40}},"6":{"start":{"line":10,"column":26},"end":{"line":10,"column":49}},"7":{"start":{"line":11,"column":4},"end":{"line":13,"column":5}},"8":{"start":{"line":12,"column":6},"end":{"line":12,"column":40}},"9":{"start":{"line":14,"column":19},"end":{"line":14,"column":37}},"10":{"start":{"line":15,"column":17},"end":{"line":15,"column":47}},"11":{"start":{"line":16,"column":4},"end":{"line":18,"column":5}},"12":{"start":{"line":17,"column":6},"end":{"line":17,"column":40}},"13":{"start":{"line":20,"column":4},"end":{"line":20,"column":31}},"14":{"start":{"line":21,"column":4},"end":{"line":21,"column":11}},"15":{"start":{"line":23,"column":4},"end":{"line":23,"column":16}},"16":{"start":{"line":27,"column":0},"end":{"line":27,"column":32}}},"fnMap":{"0":{"name":"authentication","decl":{"start":{"line":4,"column":15},"end":{"line":4,"column":29}},"loc":{"start":{"line":4,"column":46},"end":{"line":25,"column":1}},"line":4}},"branchMap":{"0":{"loc":{"start":{"line":7,"column":4},"end":{"line":9,"column":5}},"type":"if","locations":[{"start":{"line":7,"column":4},"end":{"line":9,"column":5}},{"start":{},"end":{}}],"line":7},"1":{"loc":{"start":{"line":11,"column":4},"end":{"line":13,"column":5}},"type":"if","locations":[{"start":{"line":11,"column":4},"end":{"line":13,"column":5}},{"start":{},"end":{}}],"line":11},"2":{"loc":{"start":{"line":16,"column":4},"end":{"line":18,"column":5}},"type":"if","locations":[{"start":{"line":16,"column":4},"end":{"line":18,"column":5}},{"start":{},"end":{}}],"line":16}},"s":{"0":3,"1":3,"2":2,"3":2,"4":2,"5":0,"6":2,"7":2,"8":0,"9":2,"10":2,"11":2,"12":0,"13":2,"14":2,"15":0,"16":3},"f":{"0":2},"b":{"0":[0,2],"1":[0,2],"2":[0,2]},"_coverageSchema":"1a1c01bbd47fc00a2c39e90264f33305004495a9","hash":"0b4e3e29227584fded16d0068967effdd73f798d"}
,"C:\\Users\\muhfa\\Documents\\Kuliah Hacktiv8 FSJS Batch 6 2024\\bootcamp\\phase2\\W3D1\\ip-MuhammadFarhanRosidi\\server\\middlewares\\errorHandler.js": {"path":"C:\\Users\\muhfa\\Documents\\Kuliah Hacktiv8 FSJS Batch 6 2024\\bootcamp\\phase2\\W3D1\\ip-MuhammadFarhanRosidi\\server\\middlewares\\errorHandler.js","statementMap":{"0":{"start":{"line":2,"column":15},"end":{"line":2,"column":32}},"1":{"start":{"line":3,"column":16},"end":{"line":3,"column":54}},"2":{"start":{"line":5,"column":2},"end":{"line":40,"column":3}},"3":{"start":{"line":8,"column":6},"end":{"line":8,"column":19}},"4":{"start":{"line":9,"column":6},"end":{"line":9,"column":32}},"5":{"start":{"line":10,"column":6},"end":{"line":10,"column":12}},"6":{"start":{"line":12,"column":6},"end":{"line":12,"column":19}},"7":{"start":{"line":13,"column":6},"end":{"line":13,"column":31}},"8":{"start":{"line":14,"column":6},"end":{"line":14,"column":12}},"9":{"start":{"line":16,"column":6},"end":{"line":16,"column":19}},"10":{"start":{"line":17,"column":6},"end":{"line":17,"column":28}},"11":{"start":{"line":18,"column":6},"end":{"line":18,"column":12}},"12":{"start":{"line":20,"column":6},"end":{"line":20,"column":19}},"13":{"start":{"line":21,"column":6},"end":{"line":21,"column":33}},"14":{"start":{"line":22,"column":6},"end":{"line":22,"column":12}},"15":{"start":{"line":24,"column":6},"end":{"line":24,"column":19}},"16":{"start":{"line":25,"column":6},"end":{"line":25,"column":51}},"17":{"start":{"line":25,"column":39},"end":{"line":25,"column":49}},"18":{"start":{"line":26,"column":6},"end":{"line":26,"column":12}},"19":{"start":{"line":28,"column":6},"end":{"line":28,"column":19}},"20":{"start":{"line":29,"column":6},"end":{"line":29,"column":36}},"21":{"start":{"line":30,"column":6},"end":{"line":30,"column":12}},"22":{"start":{"line":33,"column":6},"end":{"line":33,"column":19}},"23":{"start":{"line":34,"column":6},"end":{"line":34,"column":48}},"24":{"start":{"line":35,"column":6},"end":{"line":35,"column":12}},"25":{"start":{"line":37,"column":6},"end":{"line":37,"column":19}},"26":{"start":{"line":38,"column":6},"end":{"line":38,"column":49}},"27":{"start":{"line":39,"column":6},"end":{"line":39,"column":12}},"28":{"start":{"line":42,"column":2},"end":{"line":42,"column":48}},"29":{"start":{"line":45,"column":0},"end":{"line":45,"column":30}}},"fnMap":{"0":{"name":"errorHandler","decl":{"start":{"line":1,"column":9},"end":{"line":1,"column":21}},"loc":{"start":{"line":1,"column":43},"end":{"line":43,"column":1}},"line":1},"1":{"name":"(anonymous_1)","decl":{"start":{"line":25,"column":31},"end":{"line":25,"column":32}},"loc":{"start":{"line":25,"column":39},"end":{"line":25,"column":49}},"line":25}},"branchMap":{"0":{"loc":{"start":{"line":2,"column":15},"end":{"line":2,"column":32}},"type":"binary-expr","locations":[{"start":{"line":2,"column":15},"end":{"line":2,"column":25}},{"start":{"line":2,"column":29},"end":{"line":2,"column":32}}],"line":2},"1":{"loc":{"start":{"line":3,"column":16},"end":{"line":3,"column":54}},"type":"binary-expr","locations":[{"start":{"line":3,"column":16},"end":{"line":3,"column":27}},{"start":{"line":3,"column":31},"end":{"line":3,"column":54}}],"line":3},"2":{"loc":{"start":{"line":5,"column":2},"end":{"line":40,"column":3}},"type":"switch","locations":[{"start":{"line":6,"column":4},"end":{"line":6,"column":27}},{"start":{"line":7,"column":4},"end":{"line":10,"column":12}},{"start":{"line":11,"column":4},"end":{"line":14,"column":12}},{"start":{"line":15,"column":4},"end":{"line":18,"column":12}},{"start":{"line":19,"column":4},"end":{"line":22,"column":12}},{"start":{"line":23,"column":4},"end":{"line":26,"column":12}},{"start":{"line":27,"column":4},"end":{"line":30,"column":12}},{"start":{"line":31,"column":4},"end":{"line":31,"column":22}},{"start":{"line":32,"column":4},"end":{"line":35,"column":12}},{"start":{"line":36,"column":4},"end":{"line":39,"column":12}}],"line":5}},"s":{"0":7,"1":7,"2":7,"3":0,"4":0,"5":0,"6":0,"7":0,"8":0,"9":0,"10":0,"11":0,"12":0,"13":0,"14":0,"15":3,"16":3,"17":4,"18":3,"19":0,"20":0,"21":0,"22":2,"23":2,"24":2,"25":2,"26":2,"27":2,"28":7,"29":3},"f":{"0":7,"1":4},"b":{"0":[7,7],"1":[7,4],"2":[0,0,0,0,0,3,0,0,2,2]},"_coverageSchema":"1a1c01bbd47fc00a2c39e90264f33305004495a9","hash":"ecbc95a31c0c8e521123cd72fc4fa08866fc24b2"}
,"C:\\Users\\muhfa\\Documents\\Kuliah Hacktiv8 FSJS Batch 6 2024\\bootcamp\\phase2\\W3D1\\ip-MuhammadFarhanRosidi\\server\\models\\chapter.js": {"path":"C:\\Users\\muhfa\\Documents\\Kuliah Hacktiv8 FSJS Batch 6 2024\\bootcamp\\phase2\\W3D1\\ip-MuhammadFarhanRosidi\\server\\models\\chapter.js","statementMap":{"0":{"start":{"line":2,"column":18},"end":{"line":2,"column":38}},"1":{"start":{"line":3,"column":0},"end":{"line":26,"column":2}},"2":{"start":{"line":6,"column":6},"end":{"line":6,"column":65}},"3":{"start":{"line":7,"column":6},"end":{"line":7,"column":65}},"4":{"start":{"line":10,"column":2},"end":{"line":24,"column":4}},"5":{"start":{"line":25,"column":2},"end":{"line":25,"column":17}}},"fnMap":{"0":{"name":"(anonymous_0)","decl":{"start":{"line":3,"column":17},"end":{"line":3,"column":18}},"loc":{"start":{"line":3,"column":43},"end":{"line":26,"column":1}},"line":3},"1":{"name":"(anonymous_1)","decl":{"start":{"line":5,"column":4},"end":{"line":5,"column":5}},"loc":{"start":{"line":5,"column":29},"end":{"line":8,"column":5}},"line":5}},"branchMap":{},"s":{"0":3,"1":3,"2":3,"3":3,"4":3,"5":3},"f":{"0":3,"1":3},"b":{},"_coverageSchema":"1a1c01bbd47fc00a2c39e90264f33305004495a9","hash":"ee9345201b5439bd370a5f1521696a986529cab8"}
,"C:\\Users\\muhfa\\Documents\\Kuliah Hacktiv8 FSJS Batch 6 2024\\bootcamp\\phase2\\W3D1\\ip-MuhammadFarhanRosidi\\server\\models\\course.js": {"path":"C:\\Users\\muhfa\\Documents\\Kuliah Hacktiv8 FSJS Batch 6 2024\\bootcamp\\phase2\\W3D1\\ip-MuhammadFarhanRosidi\\server\\models\\course.js","statementMap":{"0":{"start":{"line":2,"column":18},"end":{"line":2,"column":38}},"1":{"start":{"line":3,"column":0},"end":{"line":32,"column":2}},"2":{"start":{"line":12,"column":6},"end":{"line":12,"column":68}},"3":{"start":{"line":13,"column":6},"end":{"line":16,"column":9}},"4":{"start":{"line":19,"column":2},"end":{"line":30,"column":4}},"5":{"start":{"line":31,"column":2},"end":{"line":31,"column":16}}},"fnMap":{"0":{"name":"(anonymous_0)","decl":{"start":{"line":3,"column":17},"end":{"line":3,"column":18}},"loc":{"start":{"line":3,"column":43},"end":{"line":32,"column":1}},"line":3},"1":{"name":"(anonymous_1)","decl":{"start":{"line":10,"column":4},"end":{"line":10,"column":5}},"loc":{"start":{"line":10,"column":29},"end":{"line":17,"column":5}},"line":10}},"branchMap":{},"s":{"0":3,"1":3,"2":3,"3":3,"4":3,"5":3},"f":{"0":3,"1":3},"b":{},"_coverageSchema":"1a1c01bbd47fc00a2c39e90264f33305004495a9","hash":"088e67025752727fd8370f2df4c220bc45d8daa6"}
,"C:\\Users\\muhfa\\Documents\\Kuliah Hacktiv8 FSJS Batch 6 2024\\bootcamp\\phase2\\W3D1\\ip-MuhammadFarhanRosidi\\server\\models\\index.js": {"path":"C:\\Users\\muhfa\\Documents\\Kuliah Hacktiv8 FSJS Batch 6 2024\\bootcamp\\phase2\\W3D1\\ip-MuhammadFarhanRosidi\\server\\models\\index.js","statementMap":{"0":{"start":{"line":3,"column":11},"end":{"line":3,"column":24}},"1":{"start":{"line":4,"column":13},"end":{"line":4,"column":28}},"2":{"start":{"line":5,"column":18},"end":{"line":5,"column":38}},"3":{"start":{"line":6,"column":16},"end":{"line":6,"column":34}},"4":{"start":{"line":7,"column":17},"end":{"line":7,"column":42}},"5":{"start":{"line":8,"column":12},"end":{"line":8,"column":49}},"6":{"start":{"line":9,"column":15},"end":{"line":9,"column":65}},"7":{"start":{"line":10,"column":11},"end":{"line":10,"column":13}},"8":{"start":{"line":13,"column":0},"end":{"line":17,"column":1}},"9":{"start":{"line":14,"column":2},"end":{"line":14,"column":74}},"10":{"start":{"line":16,"column":2},"end":{"line":16,"column":87}},"11":{"start":{"line":19,"column":0},"end":{"line":32,"column":5}},"12":{"start":{"line":22,"column":4},"end":{"line":27,"column":6}},"13":{"start":{"line":30,"column":18},"end":{"line":30,"column":85}},"14":{"start":{"line":31,"column":4},"end":{"line":31,"column":27}},"15":{"start":{"line":34,"column":0},"end":{"line":38,"column":3}},"16":{"start":{"line":35,"column":2},"end":{"line":37,"column":3}},"17":{"start":{"line":36,"column":4},"end":{"line":36,"column":32}},"18":{"start":{"line":40,"column":0},"end":{"line":40,"column":25}},"19":{"start":{"line":41,"column":0},"end":{"line":41,"column":25}},"20":{"start":{"line":43,"column":0},"end":{"line":43,"column":20}}},"fnMap":{"0":{"name":"(anonymous_0)","decl":{"start":{"line":21,"column":10},"end":{"line":21,"column":11}},"loc":{"start":{"line":21,"column":18},"end":{"line":28,"column":3}},"line":21},"1":{"name":"(anonymous_1)","decl":{"start":{"line":29,"column":11},"end":{"line":29,"column":12}},"loc":{"start":{"line":29,"column":19},"end":{"line":32,"column":3}},"line":29},"2":{"name":"(anonymous_2)","decl":{"start":{"line":34,"column":24},"end":{"line":34,"column":25}},"loc":{"start":{"line":34,"column":37},"end":{"line":38,"column":1}},"line":34}},"branchMap":{"0":{"loc":{"start":{"line":8,"column":12},"end":{"line":8,"column":49}},"type":"binary-expr","locations":[{"start":{"line":8,"column":12},"end":{"line":8,"column":32}},{"start":{"line":8,"column":36},"end":{"line":8,"column":49}}],"line":8},"1":{"loc":{"start":{"line":13,"column":0},"end":{"line":17,"column":1}},"type":"if","locations":[{"start":{"line":13,"column":0},"end":{"line":17,"column":1}},{"start":{"line":15,"column":7},"end":{"line":17,"column":1}}],"line":13},"2":{"loc":{"start":{"line":23,"column":6},"end":{"line":26,"column":37}},"type":"binary-expr","locations":[{"start":{"line":23,"column":6},"end":{"line":23,"column":29}},{"start":{"line":24,"column":6},"end":{"line":24,"column":23}},{"start":{"line":25,"column":6},"end":{"line":25,"column":30}},{"start":{"line":26,"column":6},"end":{"line":26,"column":37}}],"line":23},"3":{"loc":{"start":{"line":35,"column":2},"end":{"line":37,"column":3}},"type":"if","locations":[{"start":{"line":35,"column":2},"end":{"line":37,"column":3}},{"start":{},"end":{}}],"line":35}},"s":{"0":3,"1":3,"2":3,"3":3,"4":3,"5":3,"6":3,"7":3,"8":3,"9":0,"10":3,"11":3,"12":18,"13":15,"14":15,"15":3,"16":15,"17":15,"18":3,"19":3,"20":3},"f":{"0":18,"1":15,"2":15},"b":{"0":[3,0],"1":[0,3],"2":[18,18,15,15],"3":[15,0]},"_coverageSchema":"1a1c01bbd47fc00a2c39e90264f33305004495a9","hash":"0d757273847836757cbe5ad582b1ad56c6763137"}
,"C:\\Users\\muhfa\\Documents\\Kuliah Hacktiv8 FSJS Batch 6 2024\\bootcamp\\phase2\\W3D1\\ip-MuhammadFarhanRosidi\\server\\models\\user.js": {"path":"C:\\Users\\muhfa\\Documents\\Kuliah Hacktiv8 FSJS Batch 6 2024\\bootcamp\\phase2\\W3D1\\ip-MuhammadFarhanRosidi\\server\\models\\user.js","statementMap":{"0":{"start":{"line":2,"column":18},"end":{"line":2,"column":38}},"1":{"start":{"line":3,"column":25},"end":{"line":3,"column":55}},"2":{"start":{"line":4,"column":0},"end":{"line":68,"column":2}},"3":{"start":{"line":7,"column":6},"end":{"line":10,"column":9}},"4":{"start":{"line":11,"column":6},"end":{"line":11,"column":64}},"5":{"start":{"line":14,"column":2},"end":{"line":62,"column":4}},"6":{"start":{"line":63,"column":2},"end":{"line":66,"column":5}},"7":{"start":{"line":64,"column":4},"end":{"line":64,"column":48}},"8":{"start":{"line":65,"column":4},"end":{"line":65,"column":24}},"9":{"start":{"line":67,"column":2},"end":{"line":67,"column":14}}},"fnMap":{"0":{"name":"(anonymous_0)","decl":{"start":{"line":4,"column":17},"end":{"line":4,"column":18}},"loc":{"start":{"line":4,"column":43},"end":{"line":68,"column":1}},"line":4},"1":{"name":"(anonymous_1)","decl":{"start":{"line":6,"column":4},"end":{"line":6,"column":5}},"loc":{"start":{"line":6,"column":29},"end":{"line":12,"column":5}},"line":6},"2":{"name":"(anonymous_2)","decl":{"start":{"line":63,"column":20},"end":{"line":63,"column":21}},"loc":{"start":{"line":63,"column":39},"end":{"line":66,"column":3}},"line":63}},"branchMap":{},"s":{"0":3,"1":3,"2":3,"3":3,"4":3,"5":3,"6":3,"7":2,"8":2,"9":3},"f":{"0":3,"1":3,"2":2},"b":{},"_coverageSchema":"1a1c01bbd47fc00a2c39e90264f33305004495a9","hash":"0b2b72549973a746f2a01a61aca3e59b699b87f9"}
,"C:\\Users\\muhfa\\Documents\\Kuliah Hacktiv8 FSJS Batch 6 2024\\bootcamp\\phase2\\W3D1\\ip-MuhammadFarhanRosidi\\server\\models\\usercourse.js": {"path":"C:\\Users\\muhfa\\Documents\\Kuliah Hacktiv8 FSJS Batch 6 2024\\bootcamp\\phase2\\W3D1\\ip-MuhammadFarhanRosidi\\server\\models\\usercourse.js","statementMap":{"0":{"start":{"line":2,"column":18},"end":{"line":2,"column":38}},"1":{"start":{"line":3,"column":0},"end":{"line":22,"column":2}},"2":{"start":{"line":6,"column":6},"end":{"line":6,"column":66}},"3":{"start":{"line":7,"column":6},"end":{"line":7,"column":70}},"4":{"start":{"line":10,"column":2},"end":{"line":20,"column":4}},"5":{"start":{"line":21,"column":2},"end":{"line":21,"column":20}}},"fnMap":{"0":{"name":"(anonymous_0)","decl":{"start":{"line":3,"column":17},"end":{"line":3,"column":18}},"loc":{"start":{"line":3,"column":43},"end":{"line":22,"column":1}},"line":3},"1":{"name":"(anonymous_1)","decl":{"start":{"line":5,"column":4},"end":{"line":5,"column":5}},"loc":{"start":{"line":5,"column":29},"end":{"line":8,"column":5}},"line":5}},"branchMap":{},"s":{"0":3,"1":3,"2":3,"3":3,"4":3,"5":3},"f":{"0":3,"1":3},"b":{},"_coverageSchema":"1a1c01bbd47fc00a2c39e90264f33305004495a9","hash":"a15073909f554e9011df57437831de52320b0aba"}
,"C:\\Users\\muhfa\\Documents\\Kuliah Hacktiv8 FSJS Batch 6 2024\\bootcamp\\phase2\\W3D1\\ip-MuhammadFarhanRosidi\\server\\models\\verse.js": {"path":"C:\\Users\\muhfa\\Documents\\Kuliah Hacktiv8 FSJS Batch 6 2024\\bootcamp\\phase2\\W3D1\\ip-MuhammadFarhanRosidi\\server\\models\\verse.js","statementMap":{"0":{"start":{"line":2,"column":18},"end":{"line":2,"column":38}},"1":{"start":{"line":3,"column":0},"end":{"line":29,"column":2}},"2":{"start":{"line":12,"column":6},"end":{"line":12,"column":67}},"3":{"start":{"line":15,"column":2},"end":{"line":27,"column":4}},"4":{"start":{"line":28,"column":2},"end":{"line":28,"column":15}}},"fnMap":{"0":{"name":"(anonymous_0)","decl":{"start":{"line":3,"column":17},"end":{"line":3,"column":18}},"loc":{"start":{"line":3,"column":43},"end":{"line":29,"column":1}},"line":3},"1":{"name":"(anonymous_1)","decl":{"start":{"line":10,"column":4},"end":{"line":10,"column":5}},"loc":{"start":{"line":10,"column":29},"end":{"line":13,"column":5}},"line":10}},"branchMap":{},"s":{"0":3,"1":3,"2":3,"3":3,"4":3},"f":{"0":3,"1":3},"b":{},"_coverageSchema":"1a1c01bbd47fc00a2c39e90264f33305004495a9","hash":"bcafe8dae33d9b28aaa10b5071920f5039e16a3c"}
,"C:\\Users\\muhfa\\Documents\\Kuliah Hacktiv8 FSJS Batch 6 2024\\bootcamp\\phase2\\W3D1\\ip-MuhammadFarhanRosidi\\server\\routes\\index.js": {"path":"C:\\Users\\muhfa\\Documents\\Kuliah Hacktiv8 FSJS Batch 6 2024\\bootcamp\\phase2\\W3D1\\ip-MuhammadFarhanRosidi\\server\\routes\\index.js","statementMap":{"0":{"start":{"line":1,"column":19},"end":{"line":1,"column":55}},"1":{"start":{"line":2,"column":15},"end":{"line":2,"column":43}},"2":{"start":{"line":3,"column":23},"end":{"line":3,"column":63}},"3":{"start":{"line":4,"column":21},"end":{"line":4,"column":59}},"4":{"start":{"line":5,"column":15},"end":{"line":5,"column":42}},"5":{"start":{"line":7,"column":0},"end":{"line":7,"column":46}},"6":{"start":{"line":8,"column":0},"end":{"line":8,"column":40}},"7":{"start":{"line":9,"column":0},"end":{"line":9,"column":53}},"8":{"start":{"line":11,"column":0},"end":{"line":21,"column":3}},"9":{"start":{"line":12,"column":2},"end":{"line":20,"column":3}},"10":{"start":{"line":13,"column":24},"end":{"line":13,"column":32}},"11":{"start":{"line":14,"column":4},"end":{"line":14,"column":42}},"12":{"start":{"line":15,"column":15},"end":{"line":15,"column":36}},"13":{"start":{"line":16,"column":4},"end":{"line":16,"column":31}},"14":{"start":{"line":18,"column":4},"end":{"line":18,"column":23}},"15":{"start":{"line":19,"column":4},"end":{"line":19,"column":63}},"16":{"start":{"line":23,"column":0},"end":{"line":23,"column":27}},"17":{"start":{"line":25,"column":0},"end":{"line":25,"column":47}},"18":{"start":{"line":26,"column":0},"end":{"line":26,"column":52}},"19":{"start":{"line":27,"column":0},"end":{"line":27,"column":61}},"20":{"start":{"line":28,"column":0},"end":{"line":28,"column":66}},"21":{"start":{"line":29,"column":0},"end":{"line":29,"column":59}},"22":{"start":{"line":30,"column":0},"end":{"line":30,"column":61}},"23":{"start":{"line":31,"column":0},"end":{"line":31,"column":68}},"24":{"start":{"line":33,"column":0},"end":{"line":33,"column":25}},"25":{"start":{"line":35,"column":0},"end":{"line":35,"column":24}}},"fnMap":{"0":{"name":"(anonymous_0)","decl":{"start":{"line":11,"column":30},"end":{"line":11,"column":31}},"loc":{"start":{"line":11,"column":56},"end":{"line":21,"column":1}},"line":11}},"branchMap":{},"s":{"0":3,"1":3,"2":3,"3":3,"4":3,"5":3,"6":3,"7":3,"8":3,"9":0,"10":0,"11":0,"12":0,"13":0,"14":0,"15":0,"16":3,"17":3,"18":3,"19":3,"20":3,"21":3,"22":3,"23":3,"24":3,"25":3},"f":{"0":0},"b":{},"_coverageSchema":"1a1c01bbd47fc00a2c39e90264f33305004495a9","hash":"4648216630faf831eb03ab2fea27307493f4756c"}
}
