TN:
SF:app.js
FNF:0
FNH:0
DA:1,3
DA:2,3
DA:5,3
DA:6,3
DA:7,3
DA:8,3
DA:10,3
DA:11,3
DA:12,3
DA:14,3
DA:16,3
LF:11
LH:11
BRDA:1,0,0,3
BRDA:1,0,1,0
BRF:2
BRH:1
end_of_record
TN:
SF:config\axiosInstance.js
FNF:0
FNH:0
DA:1,3
DA:3,3
DA:9,3
LF:3
LH:3
BRF:0
BRH:0
end_of_record
TN:
SF:controllers\controller.js
FN:9,sendEmail
FN:27,(anonymous_1)
FN:45,(anonymous_2)
FN:70,(anonymous_3)
FN:101,(anonymous_4)
FN:108,(anonymous_5)
FN:125,(anonymous_6)
FN:145,(anonymous_7)
FN:157,(anonymous_8)
FN:203,(anonymous_9)
FN:215,(anonymous_10)
FN:236,(anonymous_11)
FNF:12
FNH:3
FNDA:0,sendEmail
FNDA:4,(anonymous_1)
FNDA:5,(anonymous_2)
FNDA:0,(anonymous_3)
FNDA:0,(anonymous_4)
FNDA:0,(anonymous_5)
FNDA:0,(anonymous_6)
FNDA:0,(anonymous_7)
FNDA:0,(anonymous_8)
FNDA:0,(anonymous_9)
FNDA:0,(anonymous_10)
FNDA:2,(anonymous_11)
DA:1,3
DA:2,3
DA:3,3
DA:4,3
DA:5,3
DA:7,3
DA:10,0
DA:18,0
DA:28,4
DA:29,4
DA:30,4
DA:35,1
DA:41,3
DA:46,5
DA:47,5
DA:48,5
DA:49,2
DA:51,3
DA:56,3
DA:57,1
DA:59,2
DA:60,2
DA:61,1
DA:63,1
DA:64,1
DA:66,4
DA:71,0
DA:72,0
DA:73,0
DA:75,0
DA:76,0
DA:82,0
DA:83,0
DA:92,0
DA:93,0
DA:94,0
DA:96,0
DA:97,0
DA:102,0
DA:103,0
DA:108,0
DA:117,0
DA:121,0
DA:126,0
DA:127,0
DA:128,0
DA:136,0
DA:142,0
DA:146,0
DA:147,0
DA:148,0
DA:152,0
DA:154,0
DA:158,0
DA:159,0
DA:160,0
DA:162,0
DA:167,0
DA:169,0
DA:182,0
DA:191,0
DA:197,0
DA:199,0
DA:204,0
DA:205,0
DA:206,0
DA:207,0
DA:208,0
DA:210,0
DA:212,0
DA:216,0
DA:217,0
DA:218,0
DA:219,0
DA:225,0
DA:226,0
DA:227,0
DA:229,0
DA:232,0
DA:237,2
DA:238,2
DA:239,2
DA:242,2
DA:243,1
DA:245,1
DA:248,0
DA:253,3
LF:87
LH:31
BRDA:48,0,0,2
BRDA:48,0,1,3
BRDA:48,1,0,5
BRDA:48,1,1,4
BRDA:56,2,0,1
BRDA:56,2,1,2
BRDA:60,3,0,1
BRDA:60,3,1,1
BRDA:72,4,0,0
BRDA:72,4,1,0
BRDA:207,5,0,0
BRDA:207,5,1,0
BRDA:225,6,0,0
BRDA:225,6,1,0
BRDA:242,7,0,1
BRDA:242,7,1,1
BRF:16
BRH:10
end_of_record
TN:
SF:helpers\bcryptjs.js
FN:3,hashPassword
FN:9,comparePassword
FNF:2
FNH:2
FNDA:5,hashPassword
FNDA:2,comparePassword
DA:1,3
DA:4,5
DA:5,5
DA:6,5
DA:10,2
DA:13,3
LF:6
LH:6
BRF:0
BRH:0
end_of_record
TN:
SF:helpers\gemini.js
FN:4,(anonymous_0)
FNF:1
FNH:0
FNDA:0,(anonymous_0)
DA:1,3
DA:2,3
DA:4,3
DA:6,0
DA:7,0
DA:8,0
DA:9,0
DA:10,0
DA:11,0
DA:13,0
DA:16,3
LF:11
LH:4
BRF:0
BRH:0
end_of_record
TN:
SF:helpers\jwt.js
FN:5,signToken
FN:9,verifyToken
FNF:2
FNH:2
FNDA:3,signToken
FNDA:2,verifyToken
DA:1,3
DA:3,3
DA:6,3
DA:10,2
DA:13,3
LF:5
LH:5
BRF:0
BRH:0
end_of_record
TN:
SF:middlewares\authentication.js
FN:4,authentication
FNF:1
FNH:1
FNDA:2,authentication
DA:1,3
DA:2,3
DA:5,2
DA:6,2
DA:7,2
DA:8,0
DA:10,2
DA:11,2
DA:12,0
DA:14,2
DA:15,2
DA:16,2
DA:17,0
DA:20,2
DA:21,2
DA:23,0
DA:27,3
LF:17
LH:13
BRDA:7,0,0,0
BRDA:7,0,1,2
BRDA:11,1,0,0
BRDA:11,1,1,2
BRDA:16,2,0,0
BRDA:16,2,1,2
BRF:6
BRH:3
end_of_record
TN:
SF:middlewares\errorHandler.js
FN:1,errorHandler
FN:25,(anonymous_1)
FNF:2
FNH:2
FNDA:7,errorHandler
FNDA:4,(anonymous_1)
DA:2,7
DA:3,7
DA:5,7
DA:8,0
DA:9,0
DA:10,0
DA:12,0
DA:13,0
DA:14,0
DA:16,0
DA:17,0
DA:18,0
DA:20,0
DA:21,0
DA:22,0
DA:24,3
DA:25,4
DA:26,3
DA:28,0
DA:29,0
DA:30,0
DA:33,2
DA:34,2
DA:35,2
DA:37,2
DA:38,2
DA:39,2
DA:42,7
DA:45,3
LF:29
LH:14
BRDA:2,0,0,7
BRDA:2,0,1,7
BRDA:3,1,0,7
BRDA:3,1,1,4
BRDA:5,2,0,0
BRDA:5,2,1,0
BRDA:5,2,2,0
BRDA:5,2,3,0
BRDA:5,2,4,0
BRDA:5,2,5,3
BRDA:5,2,6,0
BRDA:5,2,7,0
BRDA:5,2,8,2
BRDA:5,2,9,2
BRF:14
BRH:7
end_of_record
TN:
SF:models\chapter.js
FN:3,(anonymous_0)
FN:5,(anonymous_1)
FNF:2
FNH:2
FNDA:3,(anonymous_0)
FNDA:3,(anonymous_1)
DA:2,3
DA:3,3
DA:6,3
DA:7,3
DA:10,3
DA:25,3
LF:6
LH:6
BRF:0
BRH:0
end_of_record
TN:
SF:models\course.js
FN:3,(anonymous_0)
FN:10,(anonymous_1)
FNF:2
FNH:2
FNDA:3,(anonymous_0)
FNDA:3,(anonymous_1)
DA:2,3
DA:3,3
DA:12,3
DA:13,3
DA:19,3
DA:31,3
LF:6
LH:6
BRF:0
BRH:0
end_of_record
TN:
SF:models\index.js
FN:21,(anonymous_0)
FN:29,(anonymous_1)
FN:34,(anonymous_2)
FNF:3
FNH:3
FNDA:18,(anonymous_0)
FNDA:15,(anonymous_1)
FNDA:15,(anonymous_2)
DA:3,3
DA:4,3
DA:5,3
DA:6,3
DA:7,3
DA:8,3
DA:9,3
DA:10,3
DA:13,3
DA:14,0
DA:16,3
DA:19,3
DA:22,18
DA:30,15
DA:31,15
DA:34,3
DA:35,15
DA:36,15
DA:40,3
DA:41,3
DA:43,3
LF:21
LH:20
BRDA:8,0,0,3
BRDA:8,0,1,0
BRDA:13,1,0,0
BRDA:13,1,1,3
BRDA:23,2,0,18
BRDA:23,2,1,18
BRDA:23,2,2,15
BRDA:23,2,3,15
BRDA:35,3,0,15
BRDA:35,3,1,0
BRF:10
BRH:7
end_of_record
TN:
SF:models\user.js
FN:4,(anonymous_0)
FN:6,(anonymous_1)
FN:63,(anonymous_2)
FNF:3
FNH:3
FNDA:3,(anonymous_0)
FNDA:3,(anonymous_1)
FNDA:2,(anonymous_2)
DA:2,3
DA:3,3
DA:4,3
DA:7,3
DA:11,3
DA:14,3
DA:63,3
DA:64,2
DA:65,2
DA:67,3
LF:10
LH:10
BRF:0
BRH:0
end_of_record
TN:
SF:models\usercourse.js
FN:3,(anonymous_0)
FN:5,(anonymous_1)
FNF:2
FNH:2
FNDA:3,(anonymous_0)
FNDA:3,(anonymous_1)
DA:2,3
DA:3,3
DA:6,3
DA:7,3
DA:10,3
DA:21,3
LF:6
LH:6
BRF:0
BRH:0
end_of_record
TN:
SF:models\verse.js
FN:3,(anonymous_0)
FN:10,(anonymous_1)
FNF:2
FNH:2
FNDA:3,(anonymous_0)
FNDA:3,(anonymous_1)
DA:2,3
DA:3,3
DA:12,3
DA:15,3
DA:28,3
LF:5
LH:5
BRF:0
BRH:0
end_of_record
TN:
SF:routes\index.js
FN:11,(anonymous_0)
FNF:1
FNH:0
FNDA:0,(anonymous_0)
DA:1,3
DA:2,3
DA:3,3
DA:4,3
DA:5,3
DA:7,3
DA:8,3
DA:9,3
DA:11,3
DA:12,0
DA:13,0
DA:14,0
DA:15,0
DA:16,0
DA:18,0
DA:19,0
DA:23,3
DA:25,3
DA:26,3
DA:27,3
DA:28,3
DA:29,3
DA:30,3
DA:31,3
DA:33,3
DA:35,3
LF:26
LH:19
BRF:0
BRH:0
end_of_record
